<?xml version="1.0" encoding="UTF-8"?>
<!-- Generated by org.testng.reporters.JUnitReportReporter -->
<testsuite skipped="0" hostname="DESKTOP-MA03234" name="ApiSmokeTest" tests="1" failures="0" timestamp="2022-01-09T23:11:08 CET" time="1.872" errors="0">
  <testcase name="endToEndApiFlow" time="1.872" classname="ApiSmokeTest"/>
  <system-out/>
</testsuite> <!-- ApiSmokeTest -->
